<?xml version="1.0" encoding="UTF-8"?>
<robot generator="Robot 7.2.2 (Python 3.13.2 on win32)" generated="2025-03-02T13:22:22.433353" rpa="false" schemaversion="5">
<suite id="s1" name="Login User Test" source="C:\Users\hongr\lazada-test-automation\Tests\login_user_test.robot">
<test id="s1-t1" name="User Login Test" line="13">
<kw name="Open Browser" owner="SeleniumLibrary">
<msg time="2025-03-02T13:22:22.821361" level="INFO">Opening browser 'chrome' to base url 'https://automationteststore.com/'.</msg>
<arg>${TEST_STORE_URL}</arg>
<arg>${BROWSER}</arg>
<doc>Opens a new browser instance to the optional ``url``.</doc>
<status status="PASS" start="2025-03-02T13:22:22.821094" elapsed="5.335477"/>
</kw>
<kw name="Maximize Browser Window" owner="SeleniumLibrary">
<doc>Maximizes current browser window.</doc>
<status status="PASS" start="2025-03-02T13:22:28.157078" elapsed="0.035147"/>
</kw>
<kw name="Click Element" owner="SeleniumLibrary">
<msg time="2025-03-02T13:22:28.194311" level="INFO">Clicking element 'xpath=/html/body/div/header/div[1]/div/div[2]/div/div[2]/div/ul/li/a'.</msg>
<arg>xpath=/html/body/div/header/div[1]/div/div[2]/div/div[2]/div/ul/li/a</arg>
<doc>Click the element identified by ``locator``.</doc>
<status status="PASS" start="2025-03-02T13:22:28.193140" elapsed="1.260120"/>
</kw>
<kw name="Wait Until Element Is Visible" owner="SeleniumLibrary">
<arg>xpath=/html/body/div/div[2]/div/div/div/div/div[2]/div/form/fieldset/div[1]/div</arg>
<arg>5s</arg>
<doc>Waits until the element ``locator`` is visible.</doc>
<status status="PASS" start="2025-03-02T13:22:29.453611" elapsed="0.023827"/>
</kw>
<kw name="Sleep" owner="BuiltIn">
<msg time="2025-03-02T13:22:31.478568" level="INFO">Slept 2 seconds.</msg>
<arg>2s</arg>
<doc>Pauses the test executed for the given time.</doc>
<status status="PASS" start="2025-03-02T13:22:29.477719" elapsed="2.001058"/>
</kw>
<kw name="Input Text" owner="SeleniumLibrary">
<msg time="2025-03-02T13:22:31.479951" level="INFO">Typing text 'ali_hamdan' into text field 'xpath=/html/body/div/div[2]/div/div/div/div/div[2]/div/form/fieldset/div[1]/div/input'.</msg>
<arg>xpath=/html/body/div/div[2]/div/div/div/div/div[2]/div/form/fieldset/div[1]/div/input</arg>
<arg>${USERNAME}</arg>
<doc>Types the given ``text`` into the text field identified by ``locator``.</doc>
<status status="PASS" start="2025-03-02T13:22:31.479689" elapsed="0.099017"/>
</kw>
<kw name="Sleep" owner="BuiltIn">
<msg time="2025-03-02T13:22:32.579335" level="INFO">Slept 1 second.</msg>
<arg>1s</arg>
<doc>Pauses the test executed for the given time.</doc>
<status status="PASS" start="2025-03-02T13:22:31.579003" elapsed="1.000537"/>
</kw>
<kw name="Input Text" owner="SeleniumLibrary">
<msg time="2025-03-02T13:22:32.580722" level="INFO">Typing text 'P@ssw0rd' into text field 'xpath=/html/body/div/div[2]/div/div/div/div/div[2]/div/form/fieldset/div[2]/div/input'.</msg>
<arg>xpath=/html/body/div/div[2]/div/div/div/div/div[2]/div/form/fieldset/div[2]/div/input</arg>
<arg>${PASSWORD}</arg>
<doc>Types the given ``text`` into the text field identified by ``locator``.</doc>
<status status="PASS" start="2025-03-02T13:22:32.580258" elapsed="0.079252"/>
</kw>
<kw name="Sleep" owner="BuiltIn">
<msg time="2025-03-02T13:22:33.660469" level="INFO">Slept 1 second.</msg>
<arg>1s</arg>
<doc>Pauses the test executed for the given time.</doc>
<status status="PASS" start="2025-03-02T13:22:32.659780" elapsed="1.000907"/>
</kw>
<kw name="Click Element" owner="SeleniumLibrary">
<msg time="2025-03-02T13:22:33.662093" level="INFO">Clicking element 'xpath=/html/body/div/div[2]/div/div/div/div/div[2]/div/form/fieldset/button'.</msg>
<arg>xpath=/html/body/div/div[2]/div/div/div/div/div[2]/div/form/fieldset/button</arg>
<doc>Click the element identified by ``locator``.</doc>
<status status="PASS" start="2025-03-02T13:22:33.661865" elapsed="1.611663"/>
</kw>
<kw name="Wait Until Page Contains" owner="SeleniumLibrary">
<arg>My Account</arg>
<arg>5s</arg>
<doc>Waits until ``text`` appears on the current page.</doc>
<status status="PASS" start="2025-03-02T13:22:35.273842" elapsed="0.012941"/>
</kw>
<kw name="Capture Page Screenshot" owner="SeleniumLibrary">
<msg time="2025-03-02T13:22:35.395745" level="INFO" html="true">&lt;/td&gt;&lt;/tr&gt;&lt;tr&gt;&lt;td colspan="3"&gt;&lt;a href="selenium-screenshot-30.png"&gt;&lt;img src="selenium-screenshot-30.png" width="800px"&gt;&lt;/a&gt;</msg>
<doc>Takes a screenshot of the current page and embeds it into a log file.</doc>
<status status="PASS" start="2025-03-02T13:22:35.287092" elapsed="0.108776"/>
</kw>
<kw name="Close Browser" owner="SeleniumLibrary">
<doc>Closes the current browser.</doc>
<status status="PASS" start="2025-03-02T13:22:35.396188" elapsed="2.203435"/>
</kw>
<kw name="Close Browser" owner="SeleniumLibrary" type="TEARDOWN">
<doc>Closes the current browser.</doc>
<status status="PASS" start="2025-03-02T13:22:37.600274" elapsed="0.000118"/>
</kw>
<status status="PASS" start="2025-03-02T13:22:22.820176" elapsed="14.780358"/>
</test>
<doc>Test Case for User Login</doc>
<status status="PASS" start="2025-03-02T13:22:22.435148" elapsed="15.166862"/>
</suite>
<statistics>
<total>
<stat pass="1" fail="0" skip="0">All Tests</stat>
</total>
<tag>
</tag>
<suite>
<stat name="Login User Test" id="s1" pass="1" fail="0" skip="0">Login User Test</stat>
</suite>
</statistics>
<errors>
</errors>
</robot>
