<?xml version="1.0" encoding="UTF-8"?>
<robot generator="Robot 7.2.2 (Python 3.13.2 on win32)" generated="2025-03-10T21:27:59.131484" rpa="false" schemaversion="5">
<suite id="s1" name="Order History Test" source="C:\src\My project\Internship project\lazada-test-automation\Tests\order_history_test.robot">
<test id="s1-t1" name="Order History Test" line="9">
<kw name="Open Test Store Homepage" owner="keywords">
<kw name="Open Browser" owner="SeleniumLibrary">
<msg time="2025-03-10T21:28:00.959715" level="INFO">Opening browser 'chrome' to base url 'https://automationteststore.com/'.</msg>
<msg time="2025-03-10T21:28:01.634293" level="WARN">The chromedriver version (133.0.6943.141) detected in PATH at C:\Selenium driver\Chrome driver\chromedriver-win64\chromedriver.exe might not be compatible with the detected chrome version (134.0.6998.35); currently, chromedriver 134.0.6998.35 is recommended for chrome 134.*, so it is advised to delete the driver in PATH and retry</msg>
<arg>${TEST_STORE_URL}</arg>
<arg>${BROWSER}</arg>
<doc>Opens a new browser instance to the optional ``url``.</doc>
<status status="PASS" start="2025-03-10T21:28:00.959361" elapsed="9.029948"/>
</kw>
<kw name="Maximize Browser Window" owner="SeleniumLibrary">
<doc>Maximizes current browser window.</doc>
<status status="PASS" start="2025-03-10T21:28:09.989977" elapsed="0.063965"/>
</kw>
<kw name="Wait Until Element Is Visible" owner="SeleniumLibrary">
<arg>xpath=//input[@id='filter_keyword']</arg>
<arg>5s</arg>
<doc>Waits until the element ``locator`` is visible.</doc>
<status status="PASS" start="2025-03-10T21:28:10.054728" elapsed="0.053974"/>
</kw>
<status status="PASS" start="2025-03-10T21:28:00.958339" elapsed="9.150566"/>
</kw>
<kw name="Login User" owner="keywords">
<kw name="Click Element" owner="SeleniumLibrary">
<msg time="2025-03-10T21:28:10.110363" level="INFO">Clicking element 'xpath=/html/body/div/header/div[1]/div/div[2]/div/div[2]/div/ul/li/a'.</msg>
<arg>xpath=/html/body/div/header/div[1]/div/div[2]/div/div[2]/div/ul/li/a</arg>
<doc>Click the element identified by ``locator``.</doc>
<status status="PASS" start="2025-03-10T21:28:10.110073" elapsed="1.671537"/>
</kw>
<kw name="Wait Until Element Is Visible" owner="SeleniumLibrary">
<arg>xpath=/html/body/div/div[2]/div/div/div/div/div[2]/div/form/fieldset/div[1]/div</arg>
<arg>5s</arg>
<doc>Waits until the element ``locator`` is visible.</doc>
<status status="PASS" start="2025-03-10T21:28:11.781904" elapsed="0.035097"/>
</kw>
<kw name="Sleep" owner="BuiltIn">
<msg time="2025-03-10T21:28:13.817720" level="INFO">Slept 2 seconds.</msg>
<arg>2s</arg>
<doc>Pauses the test executed for the given time.</doc>
<status status="PASS" start="2025-03-10T21:28:11.817273" elapsed="2.000704"/>
</kw>
<kw name="Input Text" owner="SeleniumLibrary">
<msg time="2025-03-10T21:28:13.818880" level="INFO">Typing text 'ali_hamdan' into text field 'xpath=/html/body/div/div[2]/div/div/div/div/div[2]/div/form/fieldset/div[1]/div/input'.</msg>
<arg>xpath=/html/body/div/div[2]/div/div/div/div/div[2]/div/form/fieldset/div[1]/div/input</arg>
<arg>${username}</arg>
<doc>Types the given ``text`` into the text field identified by ``locator``.</doc>
<status status="PASS" start="2025-03-10T21:28:13.818355" elapsed="0.237237"/>
</kw>
<kw name="Sleep" owner="BuiltIn">
<msg time="2025-03-10T21:28:15.056958" level="INFO">Slept 1 second.</msg>
<arg>1s</arg>
<doc>Pauses the test executed for the given time.</doc>
<status status="PASS" start="2025-03-10T21:28:14.056011" elapsed="1.001298"/>
</kw>
<kw name="Input Text" owner="SeleniumLibrary">
<msg time="2025-03-10T21:28:15.058299" level="INFO">Typing text 'P@ssw0rd' into text field 'xpath=/html/body/div/div[2]/div/div/div/div/div[2]/div/form/fieldset/div[2]/div/input'.</msg>
<arg>xpath=/html/body/div/div[2]/div/div/div/div/div[2]/div/form/fieldset/div[2]/div/input</arg>
<arg>${password}</arg>
<doc>Types the given ``text`` into the text field identified by ``locator``.</doc>
<status status="PASS" start="2025-03-10T21:28:15.057729" elapsed="0.206986"/>
</kw>
<kw name="Sleep" owner="BuiltIn">
<msg time="2025-03-10T21:28:16.266039" level="INFO">Slept 1 second.</msg>
<arg>1s</arg>
<doc>Pauses the test executed for the given time.</doc>
<status status="PASS" start="2025-03-10T21:28:15.265056" elapsed="1.001229"/>
</kw>
<kw name="Click Element" owner="SeleniumLibrary">
<msg time="2025-03-10T21:28:16.267150" level="INFO">Clicking element 'xpath=/html/body/div/div[2]/div/div/div/div/div[2]/div/form/fieldset/button'.</msg>
<arg>xpath=/html/body/div/div[2]/div/div/div/div/div[2]/div/form/fieldset/button</arg>
<doc>Click the element identified by ``locator``.</doc>
<status status="PASS" start="2025-03-10T21:28:16.266679" elapsed="2.363939"/>
</kw>
<kw name="Wait Until Page Contains" owner="SeleniumLibrary">
<arg>My Account</arg>
<arg>5s</arg>
<doc>Waits until ``text`` appears on the current page.</doc>
<status status="PASS" start="2025-03-10T21:28:18.630845" elapsed="0.017716"/>
</kw>
<arg>${USERNAME}</arg>
<arg>${PASSWORD}</arg>
<status status="PASS" start="2025-03-10T21:28:10.109502" elapsed="8.539219"/>
</kw>
<kw name="Check Order History" owner="keywords">
<kw name="Mouse Over" owner="SeleniumLibrary">
<msg time="2025-03-10T21:28:18.649826" level="INFO">Simulating Mouse Over on element 'xpath=/html/body/div/header/div[1]/div/div[2]/div/div[2]/div/ul/li/a'.</msg>
<arg>xpath=/html/body/div/header/div[1]/div/div[2]/div/div[2]/div/ul/li/a</arg>
<doc>Simulates hovering the mouse over the element ``locator``.</doc>
<status status="PASS" start="2025-03-10T21:28:18.649593" elapsed="0.290260"/>
</kw>
<kw name="Wait Until Element Is Visible" owner="SeleniumLibrary">
<arg>xpath=/html/body/div/header/div[1]/div/div[2]/div/div[2]/div/ul/li/ul/li[6]/a</arg>
<arg>5s</arg>
<doc>Waits until the element ``locator`` is visible.</doc>
<status status="PASS" start="2025-03-10T21:28:18.940173" elapsed="0.029459"/>
</kw>
<kw name="Click Element" owner="SeleniumLibrary">
<msg time="2025-03-10T21:28:18.970336" level="INFO">Clicking element 'xpath=/html/body/div/header/div[1]/div/div[2]/div/div[2]/div/ul/li/ul/li[6]/a'.</msg>
<arg>xpath=/html/body/div/header/div[1]/div/div[2]/div/div[2]/div/ul/li/ul/li[6]/a</arg>
<doc>Click the element identified by ``locator``.</doc>
<status status="PASS" start="2025-03-10T21:28:18.969965" elapsed="1.913725"/>
</kw>
<kw name="Wait Until Element Is Visible" owner="SeleniumLibrary">
<arg>xpath=/html/body/div/div[2]/div/div[1]/div/div/div[1]/div[3]/div/table/tbody/tr[1]/td[3]/button</arg>
<arg>5s</arg>
<doc>Waits until the element ``locator`` is visible.</doc>
<status status="PASS" start="2025-03-10T21:28:20.884233" elapsed="0.034488"/>
</kw>
<kw name="Click Element" owner="SeleniumLibrary">
<msg time="2025-03-10T21:28:20.919441" level="INFO">Clicking element 'xpath=/html/body/div/div[2]/div/div[1]/div/div/div[1]/div[3]/div/table/tbody/tr[1]/td[3]/button'.</msg>
<arg>xpath=/html/body/div/div[2]/div/div[1]/div/div/div[1]/div[3]/div/table/tbody/tr[1]/td[3]/button</arg>
<doc>Click the element identified by ``locator``.</doc>
<status status="PASS" start="2025-03-10T21:28:20.919060" elapsed="1.668443"/>
</kw>
<kw name="Wait Until Page Contains" owner="SeleniumLibrary">
<arg>Order History</arg>
<arg>10s</arg>
<doc>Waits until ``text`` appears on the current page.</doc>
<status status="PASS" start="2025-03-10T21:28:22.587850" elapsed="0.039641"/>
</kw>
<status status="PASS" start="2025-03-10T21:28:18.649237" elapsed="3.978612"/>
</kw>
<kw name="Capture Page Screenshot" owner="SeleniumLibrary">
<msg time="2025-03-10T21:28:22.761684" level="INFO" html="true">&lt;/td&gt;&lt;/tr&gt;&lt;tr&gt;&lt;td colspan="3"&gt;&lt;a href="selenium-screenshot-10.png"&gt;&lt;img src="selenium-screenshot-10.png" width="800px"&gt;&lt;/a&gt;</msg>
<doc>Takes a screenshot of the current page and embeds it into a log file.</doc>
<status status="PASS" start="2025-03-10T21:28:22.628739" elapsed="0.133154"/>
</kw>
<kw name="Run Keywords" owner="BuiltIn" type="TEARDOWN">
<kw name="Send Check Order History Test Result with Status" owner="keywords">
<kw name="Set Variable" owner="BuiltIn">
<msg time="2025-03-10T21:28:22.764223" level="INFO">${test_name} = Order History Test</msg>
<var>${test_name}</var>
<arg>Order History Test</arg>
<doc>Returns the given values which can then be assigned to a variables.</doc>
<status status="PASS" start="2025-03-10T21:28:22.763992" elapsed="0.000282"/>
</kw>
<try>
<branch type="TRY">
<kw name="Verify Order History Page" owner="keywords">
<kw name="Wait Until Page Contains" owner="SeleniumLibrary">
<arg>Order History</arg>
<arg>10s</arg>
<doc>Waits until ``text`` appears on the current page.</doc>
<status status="PASS" start="2025-03-10T21:28:22.765008" elapsed="0.018904"/>
</kw>
<doc>Verifies that the order history page is displayed successfully.</doc>
<status status="PASS" start="2025-03-10T21:28:22.764670" elapsed="0.019470"/>
</kw>
<kw name="Set Variable" owner="BuiltIn">
<msg time="2025-03-10T21:28:22.784761" level="INFO">${test_status} = Passed</msg>
<var>${test_status}</var>
<arg>Passed</arg>
<doc>Returns the given values which can then be assigned to a variables.</doc>
<status status="PASS" start="2025-03-10T21:28:22.784403" elapsed="0.000403"/>
</kw>
<kw name="Set Variable" owner="BuiltIn">
<msg time="2025-03-10T21:28:22.785186" level="INFO">${test_message} = Order history displayed successfully</msg>
<var>${test_message}</var>
<arg>Order history displayed successfully</arg>
<doc>Returns the given values which can then be assigned to a variables.</doc>
<status status="PASS" start="2025-03-10T21:28:22.784976" elapsed="0.000286"/>
</kw>
<status status="PASS" start="2025-03-10T21:28:22.764479" elapsed="0.020919"/>
</branch>
<branch type="EXCEPT">
<kw name="Set Variable" owner="BuiltIn">
<var>${test_status}</var>
<arg>Failed</arg>
<doc>Returns the given values which can then be assigned to a variables.</doc>
<status status="NOT RUN" start="2025-03-10T21:28:22.785854" elapsed="0.000046"/>
</kw>
<kw name="Set Variable" owner="BuiltIn">
<var>${test_message}</var>
<arg>Order history verification failed</arg>
<doc>Returns the given values which can then be assigned to a variables.</doc>
<status status="NOT RUN" start="2025-03-10T21:28:22.786028" elapsed="0.000041"/>
</kw>
<status status="NOT RUN" start="2025-03-10T21:28:22.785619" elapsed="0.000506"/>
</branch>
<status status="PASS" start="2025-03-10T21:28:22.764399" elapsed="0.021808"/>
</try>
<kw name="Send Test Result" owner="keywords">
<kw name="Create Dictionary" owner="BuiltIn">
<msg time="2025-03-10T21:28:22.787635" level="INFO">${data} = {'test_name': 'Order History Test', 'status': 'Passed', 'message': 'Order history displayed successfully'}</msg>
<var>${data}</var>
<arg>test_name=${test_name}</arg>
<arg>status=${status}</arg>
<arg>message=${message}</arg>
<doc>Creates and returns a dictionary based on the given ``items``.</doc>
<status status="PASS" start="2025-03-10T21:28:22.787028" elapsed="0.000657"/>
</kw>
<kw name="POST" owner="RequestsLibrary">
<msg time="2025-03-10T21:28:22.849226" level="INFO">POST Request : url=http://kthcreation.com/robot_framework_automation/php/save_test_result.php 
 path_url=/robot_framework_automation/php/save_test_result.php 
 headers={'User-Agent': 'python-requests/2.32.3', 'Accept-Encoding': 'gzip, deflate', 'Accept': '*/*', 'Connection': 'keep-alive', 'Content-Length': '106', 'Content-Type': 'application/json'} 
 body=b'{"test_name": "Order History Test", "status": "Passed", "message": "Order history displayed successfully"}' 
 </msg>
<msg time="2025-03-10T21:28:22.849549" level="INFO">POST Response : url=http://kthcreation.com/robot_framework_automation/php/save_test_result.php 
 status=200, reason=OK 
 headers={'Connection': 'Keep-Alive', 'Keep-Alive': 'timeout=5, max=100', 'x-powered-by': 'PHP/7.4.33', 'content-type': 'text/html; charset=UTF-8', 'content-length': '72', 'content-encoding': 'gzip', 'vary': 'Accept-Encoding', 'date': 'Mon, 10 Mar 2025 13:28:23 GMT', 'server': 'LiteSpeed'} 
 body={"success":true,"message":"Test result saved successfully"} 
 </msg>
<msg time="2025-03-10T21:28:22.849809" level="INFO">${response} = &lt;Response [200]&gt;</msg>
<var>${response}</var>
<arg>http://kthcreation.com/robot_framework_automation/php/save_test_result.php</arg>
<arg>json=${data}</arg>
<doc>Sends a POST request.</doc>
<status status="PASS" start="2025-03-10T21:28:22.787860" elapsed="0.061995"/>
</kw>
<kw name="Log" owner="BuiltIn">
<msg time="2025-03-10T21:28:22.851471" level="INFO">Response: {"success":true,"message":"Test result saved successfully"}</msg>
<arg>Response: ${response.content}</arg>
<doc>Logs the given message with the given level.</doc>
<status status="PASS" start="2025-03-10T21:28:22.850177" elapsed="0.001416"/>
</kw>
<arg>${test_name}</arg>
<arg>${test_status}</arg>
<arg>${test_message}</arg>
<status status="PASS" start="2025-03-10T21:28:22.786424" elapsed="0.065328"/>
</kw>
<doc>Sends the test result for the Order History Test case.</doc>
<status status="PASS" start="2025-03-10T21:28:22.763142" elapsed="0.088704"/>
</kw>
<kw name="Close Browser" owner="SeleniumLibrary">
<doc>Closes the current browser.</doc>
<status status="PASS" start="2025-03-10T21:28:22.852102" elapsed="2.441036"/>
</kw>
<arg>Send Check Order History Test Result with Status</arg>
<arg>AND</arg>
<arg>Close Browser</arg>
<doc>Executes all the given keywords in a sequence.</doc>
<status status="PASS" start="2025-03-10T21:28:22.762560" elapsed="2.530816"/>
</kw>
<status status="PASS" start="2025-03-10T21:28:00.957358" elapsed="24.336571"/>
</test>
<doc>Test Case for Checking Order History</doc>
<status status="PASS" start="2025-03-10T21:27:59.134824" elapsed="26.161037"/>
</suite>
<statistics>
<total>
<stat pass="1" fail="0" skip="0">All Tests</stat>
</total>
<tag>
</tag>
<suite>
<stat name="Order History Test" id="s1" pass="1" fail="0" skip="0">Order History Test</stat>
</suite>
</statistics>
<errors>
<msg time="2025-03-10T21:28:01.634293" level="WARN">The chromedriver version (133.0.6943.141) detected in PATH at C:\Selenium driver\Chrome driver\chromedriver-win64\chromedriver.exe might not be compatible with the detected chrome version (134.0.6998.35); currently, chromedriver 134.0.6998.35 is recommended for chrome 134.*, so it is advised to delete the driver in PATH and retry</msg>
</errors>
</robot>
